{"C:\\Users\\digit\\My Drive\\Cursuri\\Udacity FrontEnd\\_TravelApp\\src\\client\\js\\sum.js": {"path":"C:\\Users\\digit\\My Drive\\Cursuri\\Udacity FrontEnd\\_TravelApp\\src\\client\\js\\sum.js","statementMap":{"0":{"start":{"line":2,"column":4},"end":{"line":2,"column":17}},"1":{"start":{"line":4,"column":2},"end":{"line":4,"column":23}}},"fnMap":{"0":{"name":"sum","decl":{"start":{"line":1,"column":9},"end":{"line":1,"column":12}},"loc":{"start":{"line":1,"column":19},"end":{"line":3,"column":3}},"line":1}},"branchMap":{},"s":{"0":1,"1":1},"f":{"0":1},"b":{},"_coverageSchema":"1a1c01bbd47fc00a2c39e90264f33305004495a9","hash":"e8f15aec4a0f02699d81dbf91e2af92206c6f0ea"}
}
